<?xml version="1.0" encoding="UTF-8"?>
<!-- Generated by org.testng.reporters.JUnitReportReporter -->
<testsuite hostname="DELL-PC" name="com.test.BrowserLaunch" tests="1" failures="0" timestamp="9 Dec 2017 04:06:56 GMT" time="24.516" errors="0">
  <testcase name="launchBrowser" time="24.516" classname="com.test.BrowserLaunch"/>
</testsuite> <!-- com.test.BrowserLaunch -->
